Build started 20/10/2015 8:07:44 PM.
     1>Project "C:\Users\Vladimir\Desktop\Workshop5\at_home\at_home.vcxproj" on node 2 (Build target(s)).
     1>ClCompile:
         C:\Program Files (x86)\Microsoft Visual Studio 12.0\VC\bin\CL.exe /c /ZI /nologo /W3 /WX- /Od /Oy- /D WIN32 /D _DEBUG /D _CONSOLE /D _LIB /D _UNICODE /D UNICODE /Gm /EHsc /RTC1 /MDd /GS /fp:precise /Zc:wchar_t /Zc:forScope /Fo"Debug\\" /Fd"Debug\vc120.pdb" /Gd /TP /analyze- /errorReport:prompt w5_at_home.cpp Contact.cpp PhoneNumber.cpp
         PhoneNumber.cpp
     1>c:\users\vladimir\desktop\workshop5\at_home\phonenumber.cpp(35): warning C4996: 'strcpy': This function or variable may be unsafe. Consider using strcpy_s instead. To disable deprecation, use _CRT_SECURE_NO_WARNINGS. See online help for details.
                 c:\program files (x86)\microsoft visual studio 12.0\vc\include\string.h(112) : see declaration of 'strcpy'
         Contact.cpp
     1>c:\users\vladimir\desktop\workshop5\at_home\contact.cpp(36): warning C4996: 'strcpy': This function or variable may be unsafe. Consider using strcpy_s instead. To disable deprecation, use _CRT_SECURE_NO_WARNINGS. See online help for details.
                 c:\program files (x86)\microsoft visual studio 12.0\vc\include\string.h(112) : see declaration of 'strcpy'
     1>c:\users\vladimir\desktop\workshop5\at_home\contact.cpp(64): warning C4996: 'strncpy': This function or variable may be unsafe. Consider using strncpy_s instead. To disable deprecation, use _CRT_SECURE_NO_WARNINGS. See online help for details.
                 c:\program files (x86)\microsoft visual studio 12.0\vc\include\string.h(195) : see declaration of 'strncpy'
     1>c:\users\vladimir\desktop\workshop5\at_home\contact.cpp(68): warning C4996: 'strcpy': This function or variable may be unsafe. Consider using strcpy_s instead. To disable deprecation, use _CRT_SECURE_NO_WARNINGS. See online help for details.
                 c:\program files (x86)\microsoft visual studio 12.0\vc\include\string.h(112) : see declaration of 'strcpy'
         w5_at_home.cpp
         Generating Code...
       Link:
         C:\Program Files (x86)\Microsoft Visual Studio 12.0\VC\bin\link.exe /ERRORREPORT:PROMPT /OUT:"C:\Users\Vladimir\Desktop\Workshop5\in_lab\Debug\at_home.exe" /INCREMENTAL /NOLOGO kernel32.lib user32.lib gdi32.lib winspool.lib comdlg32.lib advapi32.lib shell32.lib ole32.lib oleaut32.lib uuid.lib odbc32.lib odbccp32.lib /MANIFEST /MANIFESTUAC:"level='asInvoker' uiAccess='false'" /manifest:embed /DEBUG /PDB:"C:\Users\Vladimir\Desktop\Workshop5\in_lab\Debug\at_home.pdb" /SUBSYSTEM:CONSOLE /TLBID:1 /DYNAMICBASE /NXCOMPAT /IMPLIB:"C:\Users\Vladimir\Desktop\Workshop5\in_lab\Debug\at_home.lib" /MACHINE:X86 Debug\w5_at_home.obj
         Debug\Contact.obj
         Debug\PhoneNumber.obj
         at_home.vcxproj -> C:\Users\Vladimir\Desktop\Workshop5\in_lab\Debug\at_home.exe
     1>Done Building Project "C:\Users\Vladimir\Desktop\Workshop5\at_home\at_home.vcxproj" (Build target(s)).

Build succeeded.

Time Elapsed 00:00:01.75
